<?xml version="1.0" encoding="UTF-8"?>
<!-- Generated by org.testng.reporters.JUnitReportReporter -->
<testsuite hostname="DESKTOP-JHSOFB9" failures="0" tests="5" name="runner.login_runner" time="49.695" errors="0" timestamp="2024-02-23T12:16:53 IST" skipped="0">
  <testcase classname="runner.login_runner" name="runScenario" time="13.219"/>
  <system-out/>
  <testcase classname="runner.login_runner" name="runScenario" time="7.402"/>
  <system-out/>
  <testcase classname="runner.login_runner" name="runScenario" time="9.614"/>
  <system-out/>
  <testcase classname="runner.login_runner" name="runScenario" time="7.799"/>
  <system-out/>
  <testcase classname="runner.login_runner" name="runScenario" time="11.661"/>
  <system-out/>
</testsuite> <!-- runner.login_runner -->
